<?xml version="1.0" encoding="UTF-8"?>
<!-- Generated by org.testng.reporters.JUnitReportReporter -->
<testsuite skipped="0" hostname="DESKTOP-FJOEKR9" name="com.nop.commerce.myrunner.OutLineRunner" tests="1" failures="0" timestamp="20 Nov 2020 05:17:28 GMT" time="25.760" errors="0">
  <testcase name="feature" time="25.760" classname="com.nop.commerce.myrunner.OutLineRunner"/>
</testsuite> <!-- com.nop.commerce.myrunner.OutLineRunner -->
