<?xml version="1.0" encoding="UTF-8"?>
<!-- Generated by org.testng.reporters.JUnitReportReporter -->
<testsuite skipped="0" hostname="DESKTOP-FJOEKR9" name="com.nop.commerce.myrunner.OutLineRunner" tests="1" failures="0" timestamp="18 Nov 2020 07:30:03 GMT" time="25.322" errors="0">
  <testcase name="feature" time="25.322" classname="com.nop.commerce.myrunner.OutLineRunner"/>
</testsuite> <!-- com.nop.commerce.myrunner.OutLineRunner -->
